\BOOKMARK [0][-]{section*.2}{摘 要}{}% 1
\BOOKMARK [0][-]{section*.4}{Abstract}{}% 2
\BOOKMARK [0][-]{section*.5}{目 录}{}% 3
\BOOKMARK [0][-]{section*.7}{图形列表}{}% 4
\BOOKMARK [0][-]{section*.9}{表格列表}{}% 5
\BOOKMARK [0][-]{section*.12}{符号列表}{}% 6
\BOOKMARK [0][-]{chapter.1}{第1章  绪论}{}% 7
\BOOKMARK [1][-]{section.1.1}{1.1 研究背景}{chapter.1}% 8
\BOOKMARK [1][-]{section.1.2}{1.2 国内外研究现状}{chapter.1}% 9
\BOOKMARK [2][-]{subsection.1.2.1}{1.2.1 传统SLAM框架}{section.1.2}% 10
\BOOKMARK [2][-]{subsection.1.2.2}{1.2.2 语义映射}{section.1.2}% 11
\BOOKMARK [2][-]{subsection.1.2.3}{1.2.3 动态环境下的SLAM}{section.1.2}% 12
\BOOKMARK [1][-]{section.1.3}{1.3 论文主要研究内容}{chapter.1}% 13
\BOOKMARK [1][-]{section.1.4}{1.4 论文组织结构}{chapter.1}% 14
\BOOKMARK [0][-]{chapter.2}{第2章  系统框架介绍}{}% 15
\BOOKMARK [1][-]{section.2.1}{2.1 引言}{chapter.2}% 16
\BOOKMARK [1][-]{section.2.2}{2.2 基于特征的视觉SLAM框架}{chapter.2}% 17
\BOOKMARK [2][-]{subsection.2.2.1}{2.2.1 视觉SLAM综述}{section.2.2}% 18
\BOOKMARK [2][-]{subsection.2.2.2}{2.2.2 ORB-SLAM2结构简介}{section.2.2}% 19
\BOOKMARK [1][-]{section.2.3}{2.3 基于深度学习的实例分割神经网络}{chapter.2}% 20
\BOOKMARK [1][-]{section.2.4}{2.4 系统框架设计}{chapter.2}% 21
\BOOKMARK [1][-]{section.2.5}{2.5 本章小结}{chapter.2}% 22
\BOOKMARK [0][-]{chapter.3}{第3章  动态场景下基于语义信息的位姿估计优化方法}{}% 23
\BOOKMARK [1][-]{section.3.1}{3.1 引言}{chapter.3}% 24
\BOOKMARK [1][-]{section.3.2}{3.2 基于极线约束的动态一致性检测方法研究}{chapter.3}% 25
\BOOKMARK [2][-]{subsection.3.2.1}{3.2.1 极线约束}{section.3.2}% 26
\BOOKMARK [2][-]{subsection.3.2.2}{3.2.2 L-K光流法}{section.3.2}% 27
\BOOKMARK [2][-]{subsection.3.2.3}{3.2.3 动态一致性检测}{section.3.2}% 28
\BOOKMARK [1][-]{section.3.3}{3.3 基于语义类别的自适应权重生成方法研究}{chapter.3}% 29
\BOOKMARK [1][-]{section.3.4}{3.4 双阶段的动态外点滤除算法}{chapter.3}% 30
\BOOKMARK [1][-]{section.3.5}{3.5 实验结果与分析}{chapter.3}% 31
\BOOKMARK [2][-]{subsection.3.5.1}{3.5.1 轨迹误差评测}{section.3.5}% 32
\BOOKMARK [2][-]{subsection.3.5.2}{3.5.2 特征点滤除效果评测}{section.3.5}% 33
\BOOKMARK [1][-]{section.3.6}{3.6 本章小结}{chapter.3}% 34
\BOOKMARK [0][-]{chapter.4}{第4章  语义地图的构建和表示方法}{}% 35
\BOOKMARK [1][-]{section.4.1}{4.1 引言}{chapter.4}% 36
\BOOKMARK [1][-]{section.4.2}{4.2 特征级语义地图的构建和表示}{chapter.4}% 37
\BOOKMARK [1][-]{section.4.3}{4.3 物体级语义地图的构建和表示}{chapter.4}% 38
\BOOKMARK [2][-]{subsection.4.3.1}{4.3.1 物体级语义点云地图生成方法}{section.4.3}% 39
\BOOKMARK [2][-]{subsection.4.3.2}{4.3.2 物体建模和跟踪方法}{section.4.3}% 40
\BOOKMARK [1][-]{section.4.4}{4.4 实验结果与分析}{chapter.4}% 41
\BOOKMARK [1][-]{section.4.5}{4.5 本章小结}{chapter.4}% 42
\BOOKMARK [0][-]{chapter.5}{第5章  增强现实原型系统的设计与实现}{}% 43
\BOOKMARK [1][-]{section.5.1}{5.1 基于语义地图的虚实融合方法研究}{chapter.5}% 44
\BOOKMARK [1][-]{section.5.2}{5.2 增强现实原型系统设计}{chapter.5}% 45
\BOOKMARK [1][-]{section.5.3}{5.3 实验结果与分析}{chapter.5}% 46
\BOOKMARK [1][-]{section.5.4}{5.4 本章小结}{chapter.5}% 47
\BOOKMARK [0][-]{chapter.6}{第6章  总结与展望}{}% 48
\BOOKMARK [1][-]{section.6.1}{6.1 研究总结}{chapter.6}% 49
\BOOKMARK [1][-]{section.6.2}{6.2 未来展望}{chapter.6}% 50
\BOOKMARK [0][-]{section*.40}{参考文献}{}% 51
\BOOKMARK [0][-]{chapter*.42}{作者简历及攻读学位期间发表的学术论文与研究成果}{}% 52
\BOOKMARK [1][-]{section.6.3}{6.3 联系方式}{chapter*.42}% 53
\BOOKMARK [0][-]{chapter*.48}{致谢}{}% 54
