\BOOKMARK [0][-]{section*.2}{\376\377\144\130\000\040\211\201}{}% 1
\BOOKMARK [0][-]{section*.4}{Abstract}{}% 2
\BOOKMARK [0][-]{section*.5}{\376\377\166\356\000\040\137\125}{}% 3
\BOOKMARK [0][-]{section*.7}{\376\377\126\376\137\142\122\027\210\150}{}% 4
\BOOKMARK [0][-]{section*.9}{\376\377\210\150\150\074\122\027\210\150}{}% 5
\BOOKMARK [0][-]{section*.12}{\376\377\173\046\123\367\122\027\210\150}{}% 6
\BOOKMARK [0][-]{chapter.1}{\376\377\173\054\0001\172\340\000\040\000\040\176\352\213\272}{}% 7
\BOOKMARK [1][-]{section.1.1}{\376\377\0001\000.\0001\000\040\170\024\172\166\200\314\146\157}{chapter.1}% 8
\BOOKMARK [1][-]{section.1.2}{\376\377\0001\000.\0002\000\040\126\375\121\205\131\026\170\024\172\166\163\260\162\266}{chapter.1}% 9
\BOOKMARK [2][-]{subsection.1.2.1}{\376\377\0001\000.\0002\000.\0001\000\040\117\040\176\337\000S\000L\000A\000M\150\106\147\266}{section.1.2}% 10
\BOOKMARK [2][-]{subsection.1.2.2}{\376\377\0001\000.\0002\000.\0002\000\040\213\355\116\111\146\040\134\004}{section.1.2}% 11
\BOOKMARK [2][-]{subsection.1.2.3}{\376\377\0001\000.\0002\000.\0003\000\040\122\250\140\001\163\257\130\203\116\013\166\204\000S\000L\000A\000M}{section.1.2}% 12
\BOOKMARK [1][-]{section.1.3}{\376\377\0001\000.\0003\000\040\213\272\145\207\116\073\211\201\170\024\172\166\121\205\133\271}{chapter.1}% 13
\BOOKMARK [1][-]{section.1.4}{\376\377\0001\000.\0004\000\040\213\272\145\207\176\304\176\307\176\323\147\204}{chapter.1}% 14
\BOOKMARK [0][-]{chapter.2}{\376\377\173\054\0002\172\340\000\040\000\040\174\373\176\337\150\106\147\266\116\313\176\315}{}% 15
\BOOKMARK [1][-]{section.2.1}{\376\377\0002\000.\0001\000\040\137\025\212\000}{chapter.2}% 16
\BOOKMARK [1][-]{section.2.2}{\376\377\0002\000.\0002\000\040\127\372\116\216\162\171\137\201\166\204\211\306\211\311\000S\000L\000A\000M\150\106\147\266}{chapter.2}% 17
\BOOKMARK [2][-]{subsection.2.2.1}{\376\377\0002\000.\0002\000.\0001\000\040\211\306\211\311\000S\000L\000A\000M\176\374\217\360}{section.2.2}% 18
\BOOKMARK [2][-]{subsection.2.2.2}{\376\377\0002\000.\0002\000.\0002\000\040\000O\000R\000B\000-\000S\000L\000A\000M\0002\176\323\147\204\173\200\116\313}{section.2.2}% 19
\BOOKMARK [1][-]{section.2.3}{\376\377\0002\000.\0003\000\040\127\372\116\216\155\361\136\246\133\146\116\140\166\204\133\236\117\213\122\006\122\162\171\136\176\317\177\121\176\334}{chapter.2}% 20
\BOOKMARK [1][-]{section.2.4}{\376\377\0002\000.\0004\000\040\174\373\176\337\150\106\147\266\213\276\213\241}{chapter.2}% 21
\BOOKMARK [1][-]{section.2.5}{\376\377\0002\000.\0005\000\040\147\054\172\340\134\017\176\323}{chapter.2}% 22
\BOOKMARK [0][-]{chapter.3}{\376\377\173\054\0003\172\340\000\040\000\040\122\250\140\001\127\072\146\157\116\013\127\372\116\216\213\355\116\111\117\341\140\157\166\204\117\115\131\377\117\060\213\241\117\030\123\026\145\271\154\325}{}% 23
\BOOKMARK [1][-]{section.3.1}{\376\377\0003\000.\0001\000\040\137\025\212\000}{chapter.3}% 24
\BOOKMARK [1][-]{section.3.2}{\376\377\0003\000.\0002\000\040\127\372\116\216\147\201\176\277\176\246\147\137\166\204\122\250\140\001\116\000\201\364\140\047\150\300\155\113\145\271\154\325\170\024\172\166}{chapter.3}% 25
\BOOKMARK [2][-]{subsection.3.2.1}{\376\377\0003\000.\0002\000.\0001\000\040\147\201\176\277\176\246\147\137}{section.3.2}% 26
\BOOKMARK [2][-]{subsection.3.2.2}{\376\377\0003\000.\0002\000.\0002\000\040\000L\000-\000K\121\111\155\101\154\325}{section.3.2}% 27
\BOOKMARK [2][-]{subsection.3.2.3}{\376\377\0003\000.\0002\000.\0003\000\040\122\250\140\001\116\000\201\364\140\047\150\300\155\113}{section.3.2}% 28
\BOOKMARK [1][-]{section.3.3}{\376\377\0003\000.\0003\000\040\127\372\116\216\213\355\116\111\174\173\122\053\166\204\201\352\220\002\136\224\147\103\221\315\165\037\142\020\145\271\154\325\170\024\172\166}{chapter.3}% 29
\BOOKMARK [1][-]{section.3.4}{\376\377\0003\000.\0004\000\040\123\314\226\066\153\265\166\204\122\250\140\001\131\026\160\271\156\344\226\144\173\227\154\325}{chapter.3}% 30
\BOOKMARK [1][-]{section.3.5}{\376\377\0003\000.\0005\000\040\133\236\232\214\176\323\147\234\116\016\122\006\147\220}{chapter.3}% 31
\BOOKMARK [2][-]{subsection.3.5.1}{\376\377\0003\000.\0005\000.\0001\000\040\217\150\217\371\213\357\135\356\213\304\155\113}{section.3.5}% 32
\BOOKMARK [2][-]{subsection.3.5.2}{\376\377\0003\000.\0005\000.\0002\000\040\162\171\137\201\160\271\156\344\226\144\145\110\147\234\213\304\155\113}{section.3.5}% 33
\BOOKMARK [1][-]{section.3.6}{\376\377\0003\000.\0006\000\040\147\054\172\340\134\017\176\323}{chapter.3}% 34
\BOOKMARK [0][-]{chapter.4}{\376\377\173\054\0004\172\340\000\040\000\040\213\355\116\111\127\060\126\376\166\204\147\204\136\372\124\214\210\150\171\072\145\271\154\325}{}% 35
\BOOKMARK [1][-]{section.4.1}{\376\377\0004\000.\0001\000\040\137\025\212\000}{chapter.4}% 36
\BOOKMARK [1][-]{section.4.2}{\376\377\0004\000.\0002\000\040\162\171\137\201\176\247\213\355\116\111\127\060\126\376\166\204\147\204\136\372\124\214\210\150\171\072}{chapter.4}% 37
\BOOKMARK [1][-]{section.4.3}{\376\377\0004\000.\0003\000\040\162\151\117\123\176\247\213\355\116\111\127\060\126\376\166\204\147\204\136\372\124\214\210\150\171\072}{chapter.4}% 38
\BOOKMARK [2][-]{subsection.4.3.1}{\376\377\0004\000.\0003\000.\0001\000\040\162\151\117\123\176\247\213\355\116\111\160\271\116\221\127\060\126\376\165\037\142\020\145\271\154\325}{section.4.3}% 39
\BOOKMARK [2][-]{subsection.4.3.2}{\376\377\0004\000.\0003\000.\0002\000\040\162\151\117\123\136\372\152\041\124\214\215\337\216\052\145\271\154\325}{section.4.3}% 40
\BOOKMARK [1][-]{section.4.4}{\376\377\0004\000.\0004\000\040\133\236\232\214\176\323\147\234\116\016\122\006\147\220}{chapter.4}% 41
\BOOKMARK [1][-]{section.4.5}{\376\377\0004\000.\0005\000\040\147\054\172\340\134\017\176\323}{chapter.4}% 42
\BOOKMARK [0][-]{chapter.5}{\376\377\173\054\0005\172\340\000\040\000\040\130\236\137\072\163\260\133\236\123\237\127\213\174\373\176\337\166\204\213\276\213\241\116\016\133\236\163\260}{}% 43
\BOOKMARK [1][-]{section.5.1}{\376\377\0005\000.\0001\000\040\127\372\116\216\213\355\116\111\127\060\126\376\166\204\206\132\133\236\207\215\124\010\145\271\154\325\170\024\172\166}{chapter.5}% 44
\BOOKMARK [1][-]{section.5.2}{\376\377\0005\000.\0002\000\040\130\236\137\072\163\260\133\236\123\237\127\213\174\373\176\337\213\276\213\241}{chapter.5}% 45
\BOOKMARK [1][-]{section.5.3}{\376\377\0005\000.\0003\000\040\133\236\232\214\176\323\147\234\116\016\122\006\147\220}{chapter.5}% 46
\BOOKMARK [1][-]{section.5.4}{\376\377\0005\000.\0004\000\040\147\054\172\340\134\017\176\323}{chapter.5}% 47
\BOOKMARK [0][-]{chapter.6}{\376\377\173\054\0006\172\340\000\040\000\040\140\073\176\323\116\016\134\125\147\033}{}% 48
\BOOKMARK [1][-]{section.6.1}{\376\377\0006\000.\0001\000\040\170\024\172\166\140\073\176\323}{chapter.6}% 49
\BOOKMARK [1][-]{section.6.2}{\376\377\0006\000.\0002\000\040\147\052\147\145\134\125\147\033}{chapter.6}% 50
\BOOKMARK [0][-]{section*.40}{\376\377\123\302\200\003\145\207\163\056}{}% 51
\BOOKMARK [0][-]{chapter*.42}{\376\377\117\134\200\005\173\200\123\206\123\312\145\073\213\373\133\146\117\115\147\037\225\364\123\321\210\150\166\204\133\146\147\057\213\272\145\207\116\016\170\024\172\166\142\020\147\234}{}% 52
\BOOKMARK [1][-]{section.6.3}{\376\377\0006\000.\0003\000\040\200\124\174\373\145\271\137\017}{chapter*.42}% 53
\BOOKMARK [0][-]{chapter*.48}{\376\377\201\364\214\042}{}% 54
